0.0000000000 0.0000000000 0.1986500025
0.4000000060 0.0794600025 0.1889499873
0.8000000119 0.1550399959 0.1623749882
1.2000000477 0.2174099982 -0.5015249848
1.6000000238 -0.0175199807 -0.5873249769
2.0000000000 -0.2496899664 -0.5804250240
2.4000000954 -0.4424399734 -0.4818748832
2.7999999523 -0.5653300285 -0.3072251678
3.2000000477 -0.5989800096 -0.0841249228
3.5999999046 -0.5380600095 0.1523000598
4.0000000000 -0.4188199937 -0.4167499542
4.4000000954 -0.5855200291 -0.2260748446
4.8000001907 -0.6759499907 0.0507250912
5.1999998093 -0.6556599736 0.3685997725
5.5999999046 -0.5082200170 0.6653998494
6.0000000000 -0.2420600057 0.8746247292
6.4000000954 0.1077900007 0.9407497644
6.8000001907 0.4840900004 0.8336257935
7.1999998093 0.3650099933 -0.3915753961
7.5999999046 0.1507599950 -0.5356248617
8.0000000000 -0.0872999430 -0.5951498151
8.3999996185 -0.3115699887 -0.5606755018
8.8000001907 -0.4866600037 -0.4377244115
9.1999998093 -0.5849099159 -0.2456251681
