-0.100000000000 0.465725888663
0.300000000000 0.849260677066
0.526898380432 0.982904312234
0.900000000000 0.716704754643
1.300000000000 0.339749410727
1.700000000000 -0.056172431566
2.100000000000 -0.400970456488
2.500000000000 -0.640703404188
2.900000000000 -0.746727769352
3.900000000000 -0.746727769352
4.300000000000 -0.718680818890
4.700000000000 -0.581174080570
5.100000000000 -0.375553017348
5.500000000000 -0.149123551848
5.900000000000 0.055380566153
6.300000000000 0.207665780786
6.300000000000 0.207665780786
6.584952458576 0.268878492646
6.900000000000 0.216825773430
7.300000000000 0.133770774534
7.700000000000 0.047099851755
8.700000000000 0.047099851755
