-0.100000000000 1.136059409540
1.100000000000 1.136059409540
1.500000000000 1.002095697625
1.900000000000 0.716704754643
2.300000000000 0.339749410727
2.700000000000 -0.056172431566
3.100000000000 -0.400970456488
3.500000000000 -0.640703404188
3.515150500959 -0.644719209803
3.700000000000 -0.581174080570
4.100000000000 -0.375553017348
4.500000000000 -0.149123551848
4.900000000000 0.055380566153
5.300000000000 0.207665780786
5.300000000000 0.207665780786
5.700000000000 0.293592692477
6.100000000000 0.314478923595
7.100000000000 0.314478923595
7.500000000000 0.282914490048
7.900000000000 0.216825773430
8.300000000000 0.133770774534
8.700000000000 0.047099851755
