0.000000000000 0.000000000000
0.400000000000 0.079459790569
0.800000000000 0.155037850193
0.804859401324 0.155826960245
1.100000000000 -0.017519713381
1.100000000000 -0.017519713381
1.500000000000 -0.249688101928
1.900000000000 -0.442436229325
2.150854983563 -0.519509651409
2.300000000000 -0.465120611159
2.469220980577 -0.403410425036
3.469220980577 -0.403410425036
3.500000000000 -0.418820089243
3.900000000000 -0.585515134094
4.300000000000 -0.675949633480
4.800000000000 -0.675949633480
5.200000000000 -0.655662437438
5.600000000000 -0.508220275673
6.000000000000 -0.242058145630
6.400000000000 0.107788320638
6.681231406128 0.372359993203
6.700000000000 0.365010788719
7.100000000000 0.150755905549
7.500000000000 -0.087300020285
7.900000000000 -0.311573192470
8.300000000000 -0.486655808437
8.700000000000 -0.584906172842
