0.000000000000 0.600000000000
0.400000000000 0.552636596402
0.800000000000 0.418024025608
1.196116157999 0.219362490457
1.200000000000 0.219993181062
1.600000000000 0.263343634718
2.000000000000 0.270920699931
2.400000000000 0.228943698128
2.800000000000 0.129233999491
3.200000000000 -0.025551369233
3.600000000000 -0.218558164125
3.969220980577 -0.403410425036
4.000000000000 -0.392186172518
4.400000000000 -0.184399721987
4.800000000000 0.052499390064
5.200000000000 0.281110002780
5.600000000000 0.465339527106
6.000000000000 0.576102171990
6.400000000000 0.595910951255
6.800000000000 0.521638494210
6.830644633274 0.509638997722
7.200000000000 0.817542316912
7.600000000000 1.040608617249
8.000000000000 1.102187055224
8.400000000000 0.979612697893
8.800000000000 0.685113295514
9.200000000000 0.264946027985
