0.000000000000 0.000000000000
0.400000000000 0.079459790569
0.800000000000 0.155037850193
1.200000000000 0.219993181062
1.600000000000 0.263343634718
2.000000000000 0.270920699931
2.400000000000 0.228943698128
2.800000000000 0.129233999491
3.200000000000 -0.025551369233
3.600000000000 -0.218558164125
4.000000000000 -0.418820089243
4.400000000000 -0.585515134094
4.800000000000 -0.675949633480
5.200000000000 -0.655662437438
5.600000000000 -0.508220275673
6.000000000000 -0.242058145630
6.400000000000 0.107788320638
6.800000000000 0.484092910808
7.200000000000 0.817542316912
7.600000000000 1.040608617249
8.000000000000 1.102187055224
8.400000000000 0.979612697893
8.800000000000 0.685113295514
9.200000000000 0.264946027985
