0.000000000000 0.000000000000
0.400000000000 0.465725888663
0.800000000000 0.849260677066
1.200000000000 1.084861539292
1.600000000000 1.136059409540
2.000000000000 1.002095697625
2.400000000000 0.716704754643
2.800000000000 0.339749410727
3.200000000000 -0.056172431566
3.600000000000 -0.400970456488
4.000000000000 -0.640703404188
4.400000000000 -0.746727769352
4.800000000000 -0.718680818890
5.200000000000 -0.581174080570
5.600000000000 -0.375553017348
6.000000000000 -0.149123551848
6.400000000000 0.055380566153
6.800000000000 0.207665780786
7.200000000000 0.293592692477
7.600000000000 0.314478923595
8.000000000000 0.282914490048
8.400000000000 0.216825773430
8.800000000000 0.133770774534
9.200000000000 0.047099851755
