0.000000000000 0.600000000000
0.400000000000 0.552636596402
0.800000000000 0.418024025608
1.200000000000 0.217414652686
1.600000000000 -0.017519713381
2.000000000000 -0.249688101928
2.400000000000 -0.442436229325
2.800000000000 -0.565333404401
3.200000000000 -0.598976865477
3.600000000000 -0.538055049800
4.000000000000 -0.392186172518
4.400000000000 -0.184399721987
4.800000000000 0.052499390064
5.200000000000 0.281110002780
5.600000000000 0.465339527106
6.000000000000 0.576102171990
6.400000000000 0.595910951255
6.800000000000 0.521638494210
7.200000000000 0.365010788719
7.600000000000 0.150755905549
8.000000000000 -0.087300020285
8.400000000000 -0.311573192470
8.800000000000 -0.486655808437
9.200000000000 -0.584906172842
