0.000000000000 0.000000000000
0.400000000000 0.079459790569
0.800000000000 0.155037850193
1.196116157999 0.219362490457
1.200000000000 0.217414652686
1.600000000000 -0.017519713381
1.600000000000 -0.017519713381
2.000000000000 -0.249688101928
2.319011811288 -0.403410425036
3.969220980577 -0.403410425036
4.000000000000 -0.418820089243
4.400000000000 -0.585515134094
4.800000000000 -0.675949633480
5.200000000000 -0.655662437438
5.600000000000 -0.508220275673
6.000000000000 -0.242058145630
6.400000000000 0.107788320638
6.800000000000 0.484092910808
6.830644633274 0.509638997722
7.200000000000 0.365010788719
7.600000000000 0.150755905549
8.000000000000 -0.087300020285
8.400000000000 -0.311573192470
8.800000000000 -0.486655808437
9.200000000000 -0.584906172842
